2017-10-08 20:07:05,553:DEBUG:score_card.score_card_top_section[0]
2017-10-08 20:07:05,553:DEBUG:score_card.score_card_top_section[0]
2017-10-08 20:07:05,553:DEBUG:score_card.score_card_top_section[0]
2017-10-08 20:07:05,553:DEBUG:score_card.score_card_top_section[0]
2017-10-08 20:07:05,553:DEBUG:score_card.score_card_top_section[0]
2017-10-08 20:07:05,553:DEBUG:score_card.score_card_top_section[0]
2017-10-08 20:07:14,593:DEBUG:score_card.score_card_top_section[0]
2017-10-08 20:07:14,593:DEBUG:score_card.score_card_top_section[0]
2017-10-08 20:07:14,593:DEBUG:score_card.score_card_top_section[0]
2017-10-08 20:07:14,594:DEBUG:score_card.score_card_top_section[0]
2017-10-08 20:07:14,594:DEBUG:score_card.score_card_top_section[0]
2017-10-08 20:07:14,594:DEBUG:score_card.score_card_top_section[0]
2017-10-08 20:07:15,581:DEBUG:score_card.score_card_top_section[0]
2017-10-08 20:07:15,581:DEBUG:score_card.score_card_top_section[0]
2017-10-08 20:07:15,581:DEBUG:score_card.score_card_top_section[0]
2017-10-08 20:07:15,582:DEBUG:score_card.score_card_top_section[0]
2017-10-08 20:07:15,582:DEBUG:score_card.score_card_top_section[0]
2017-10-08 20:07:15,582:DEBUG:score_card.score_card_top_section[0]
2017-10-08 20:07:16,546:DEBUG:score_card.score_card_top_section[0]
2017-10-08 20:07:16,546:DEBUG:score_card.score_card_top_section[0]
2017-10-08 20:07:16,546:DEBUG:score_card.score_card_top_section[0]
2017-10-08 20:07:16,547:DEBUG:score_card.score_card_top_section[0]
2017-10-08 20:07:16,547:DEBUG:score_card.score_card_top_section[0]
2017-10-08 20:07:16,547:DEBUG:score_card.score_card_top_section[0]
2017-10-08 20:07:18,241:DEBUG:score_card.score_card_top_section[0]
2017-10-08 20:07:18,241:DEBUG:score_card.score_card_top_section[0]
2017-10-08 20:07:18,241:DEBUG:score_card.score_card_top_section[0]
2017-10-08 20:07:18,241:DEBUG:score_card.score_card_top_section[0]
2017-10-08 20:07:18,242:DEBUG:score_card.score_card_top_section[0]
2017-10-08 20:07:18,242:DEBUG:score_card.score_card_top_section[0]
2017-10-08 20:10:41,422:DEBUG:score_card.score_card_top_section[0].description:1s
2017-10-08 20:10:41,423:DEBUG:score_card.score_card_top_section[0].description:1s
2017-10-08 20:10:41,424:DEBUG:score_card.score_card_top_section[0].description:1s
2017-10-08 20:10:41,424:DEBUG:score_card.score_card_top_section[0].description:1s
2017-10-08 20:10:41,424:DEBUG:score_card.score_card_top_section[0].description:1s
2017-10-08 20:10:41,424:DEBUG:score_card.score_card_top_section[0].description:1s
2017-10-08 20:13:26,453:DEBUG:score_card.score_card_top_section[0].description:1s
2017-10-08 20:13:26,453:DEBUG:score_card.score_card_top_section[0].description:1s
2017-10-08 20:13:26,453:DEBUG:score_card.score_card_top_section[0].description:1s
2017-10-08 20:13:26,453:DEBUG:score_card.score_card_top_section[0].description:1s
2017-10-08 20:13:26,453:DEBUG:score_card.score_card_top_section[0].description:1s
2017-10-08 20:13:26,454:DEBUG:score_card.score_card_top_section[0].description:1s
2017-10-08 20:14:06,131:DEBUG:score_card.score_card_top_section[0].description:1s
2017-10-08 20:14:06,131:DEBUG:score_card.score_card_top_section[0].description:1s
2017-10-08 20:14:06,132:DEBUG:score_card.score_card_top_section[0].description:1s
2017-10-08 20:14:31,291:DEBUG:score_card.score_card_top_section[0].description:1s
2017-10-08 20:14:31,292:DEBUG:input compairson works
2017-10-08 20:14:31,292:DEBUG:score_card.score_card_top_section[0].description:1s
2017-10-08 20:14:31,292:DEBUG:score_card.score_card_top_section[0].description:1s
2017-10-08 20:14:31,292:DEBUG:score_card.score_card_top_section[0].description:1s
2017-10-08 20:14:31,293:DEBUG:score_card.score_card_top_section[0].description:1s
2017-10-08 20:14:31,293:DEBUG:score_card.score_card_top_section[0].description:1s
2017-10-08 20:15:21,505:DEBUG:score_card.score_card_top_section[0].description:1s
2017-10-08 20:15:21,505:DEBUG:score_card.score_card_top_section[0].description:1s
2017-10-08 20:15:21,506:DEBUG:score_card.score_card_top_section[0].description:1s
2017-10-08 20:15:21,506:DEBUG:input compairson works
2017-10-08 20:15:21,506:DEBUG:score_card.score_card_top_section[0].description:1s
2017-10-08 20:15:21,506:DEBUG:score_card.score_card_top_section[0].description:1s
2017-10-08 20:15:21,506:DEBUG:score_card.score_card_top_section[0].description:1s
2017-10-08 20:42:24,217:DEBUG:this is self.number: 1
2017-10-08 20:44:04,476:DEBUG:this is self.number: 1
2017-10-08 21:10:06,001:DEBUG:this is self.number: 1
2017-10-08 21:10:41,960:DEBUG:this is self.number: 1
2017-10-08 21:10:48,553:DEBUG:this is self.number: 1
2017-10-08 21:10:48,554:DEBUG:I went into False
2017-10-08 21:11:03,532:DEBUG:this is self.number: 1
2017-10-08 21:11:03,532:DEBUG:I went into False
2017-10-08 21:11:30,072:DEBUG:this is self.number: 1
2017-10-08 21:13:18,910:DEBUG:this is self.number: 1
2017-10-08 21:13:18,910:DEBUG:I went into False
2017-10-08 21:13:44,918:DEBUG:this is self.number: 1
2017-10-08 21:13:44,918:DEBUG:I went into False
2017-10-08 21:13:47,751:DEBUG:this is self.number: 1
2017-10-08 21:13:47,751:DEBUG:I went into False
2017-10-08 21:13:49,299:DEBUG:this is self.number: 1
2017-10-08 21:13:49,299:DEBUG:I went into False
2017-10-08 21:14:30,012:DEBUG:this is self.number: 1
2017-10-08 21:14:30,012:DEBUG:I went into False
2017-10-08 21:14:30,012:DEBUG:I've been in true
2017-10-08 21:14:30,012:DEBUG:I went into False
2017-10-08 21:14:30,012:DEBUG:I went into False
2017-10-08 21:14:30,012:DEBUG:I went into False
2017-10-08 21:16:32,282:DEBUG:this is self.number: 1
2017-10-08 21:16:32,282:DEBUG:I've been in true
2017-10-08 21:16:32,283:DEBUG:I've been in true
2017-10-08 21:16:32,283:DEBUG:I've been in true
2017-10-08 21:16:32,283:DEBUG:I went into False
2017-10-08 21:16:32,283:DEBUG:I went into False
2017-10-08 21:16:32,283:DEBUG:this is the score: 3
2017-10-08 21:17:29,598:DEBUG:this is self.number: 1
2017-10-08 21:17:29,598:DEBUG:I went into False
2017-10-08 21:17:29,598:DEBUG:I've been in true
2017-10-08 21:17:29,598:DEBUG:I went into False
2017-10-08 21:17:29,598:DEBUG:I went into False
2017-10-08 21:17:29,599:DEBUG:I went into False
2017-10-08 21:17:29,599:DEBUG:this is the score: 1
2017-10-08 21:17:31,342:DEBUG:this is self.number: 1
2017-10-08 21:17:31,343:DEBUG:I went into False
2017-10-08 21:17:31,343:DEBUG:I went into False
2017-10-08 21:17:31,343:DEBUG:I went into False
2017-10-08 21:17:31,343:DEBUG:I went into False
2017-10-08 21:17:31,343:DEBUG:I went into False
2017-10-08 21:17:31,343:DEBUG:this is the score: 0
2017-10-08 21:19:35,687:DEBUG:this is self.number: 1
2017-10-08 21:19:35,687:DEBUG:I went into False
2017-10-08 21:19:35,687:DEBUG:I went into False
2017-10-08 21:19:35,687:DEBUG:I went into False
2017-10-08 21:19:35,687:DEBUG:I went into False
2017-10-08 21:19:35,687:DEBUG:I went into False
2017-10-08 21:19:35,687:DEBUG:this is the score: 0
2017-10-08 21:19:35,687:DEBUG:this is self.number: 1
2017-10-08 21:19:35,688:DEBUG:I went into False
2017-10-08 21:19:35,688:DEBUG:I went into False
2017-10-08 21:19:35,688:DEBUG:I went into False
2017-10-08 21:19:35,688:DEBUG:I've been in true
2017-10-08 21:19:35,688:DEBUG:I've been in true
2017-10-08 21:20:49,164:DEBUG:this is self.number: 1
2017-10-08 21:20:49,164:DEBUG:I've been in true
2017-10-08 21:20:49,164:DEBUG:I went into False
2017-10-08 21:20:49,164:DEBUG:I went into False
2017-10-08 21:20:49,164:DEBUG:I went into False
2017-10-08 21:20:49,164:DEBUG:I went into False
2017-10-08 21:20:49,164:DEBUG:this is the score: 1
2017-10-08 21:21:13,566:DEBUG:this is self.number: 1
2017-10-08 21:21:13,566:DEBUG:I went into False
2017-10-08 21:21:13,566:DEBUG:I went into False
2017-10-08 21:21:13,566:DEBUG:I went into False
2017-10-08 21:21:13,566:DEBUG:I went into False
2017-10-08 21:21:13,566:DEBUG:I went into False
2017-10-08 21:21:13,566:DEBUG:this is the score: 0
2017-10-08 21:21:13,567:DEBUG:this is self.number: 1
2017-10-08 21:21:13,567:DEBUG:I went into False
2017-10-08 21:21:13,567:DEBUG:I've been in true
2017-10-08 21:21:13,567:DEBUG:I went into False
2017-10-08 21:21:13,567:DEBUG:I went into False
2017-10-08 21:21:13,567:DEBUG:I went into False
2017-10-08 21:21:13,567:DEBUG:this is the score: 1
2017-10-08 21:21:25,814:DEBUG:this is self.number: 1
2017-10-08 21:21:25,815:DEBUG:I've been in true
2017-10-08 21:21:25,816:DEBUG:I went into False
2017-10-08 21:21:25,816:DEBUG:I went into False
2017-10-08 21:21:25,816:DEBUG:I went into False
2017-10-08 21:21:25,816:DEBUG:I went into False
2017-10-08 21:21:25,816:DEBUG:this is the score: 1
2017-10-08 21:21:25,816:DEBUG:this is self.number: 1
2017-10-08 21:21:25,816:DEBUG:I went into False
2017-10-08 21:21:25,816:DEBUG:I went into False
2017-10-08 21:21:25,816:DEBUG:I went into False
2017-10-08 21:21:25,817:DEBUG:I went into False
2017-10-08 21:21:25,817:DEBUG:I've been in true
2017-10-08 21:21:25,817:DEBUG:this is the score: 2
2017-10-08 21:22:42,801:DEBUG:I evaluated the super class try_to_score
2017-10-08 21:22:42,802:DEBUG:this is self.number: 1
2017-10-08 21:22:42,802:DEBUG:I went into False
2017-10-08 21:22:42,802:DEBUG:I went into False
2017-10-08 21:22:42,803:DEBUG:I've been in true
2017-10-08 21:22:42,803:DEBUG:I went into False
2017-10-08 21:22:42,803:DEBUG:I went into False
2017-10-08 21:22:42,803:DEBUG:this is the score: 1
2017-10-08 21:22:42,803:DEBUG:I evaluated the super class try_to_score
2017-10-08 21:22:42,803:DEBUG:this is self.number: 1
2017-10-08 21:22:42,803:DEBUG:I went into False
2017-10-08 21:22:42,803:DEBUG:I went into False
2017-10-08 21:22:42,803:DEBUG:I went into False
2017-10-08 21:22:42,804:DEBUG:I went into False
2017-10-08 21:22:42,804:DEBUG:I went into False
2017-10-08 21:22:42,804:DEBUG:this is the score: 1
2017-10-08 21:23:07,874:DEBUG:I evaluated the super class try_to_score
2017-10-08 21:23:07,874:DEBUG:this is self.number: 1
2017-10-08 21:23:07,874:DEBUG:I've been in true
2017-10-08 21:23:07,874:DEBUG:I went into False
2017-10-08 21:23:07,874:DEBUG:I went into False
2017-10-08 21:23:07,874:DEBUG:I went into False
2017-10-08 21:23:07,874:DEBUG:I went into False
2017-10-08 21:23:07,874:DEBUG:this is the score: 1
2017-10-08 21:23:07,875:DEBUG:I evaluated the super class try_to_score
2017-10-08 21:23:07,875:DEBUG:I evaluated the super class try_to_score
2017-10-08 21:23:07,875:DEBUG:this is self.number: 1
2017-10-08 21:23:07,875:DEBUG:I went into False
2017-10-08 21:23:07,875:DEBUG:I've been in true
2017-10-08 21:23:07,875:DEBUG:I went into False
2017-10-08 21:23:07,875:DEBUG:I went into False
2017-10-08 21:23:07,875:DEBUG:I went into False
2017-10-08 21:23:07,875:DEBUG:this is the score: 2
2017-10-08 21:24:52,304:DEBUG:I evaluated the super class try_to_score
2017-10-08 21:24:52,304:DEBUG:this is self.number: 1
2017-10-08 21:24:52,304:DEBUG:I went into False
2017-10-08 21:24:52,304:DEBUG:I went into False
2017-10-08 21:24:52,304:DEBUG:I went into False
2017-10-08 21:24:52,304:DEBUG:I went into False
2017-10-08 21:24:52,304:DEBUG:I've been in true
2017-10-08 21:24:52,304:DEBUG:this is the score: 1
2017-10-08 21:24:52,305:DEBUG:I evaluated the super class try_to_score
2017-10-08 21:24:52,305:DEBUG:I evaluated the super class try_to_score
2017-10-08 21:24:52,305:DEBUG:this is self.number: 1
2017-10-08 21:24:52,305:DEBUG:I went into False
2017-10-08 21:24:52,305:DEBUG:I went into False
2017-10-08 21:24:52,305:DEBUG:I went into False
2017-10-08 21:24:52,305:DEBUG:I went into False
2017-10-08 21:24:52,305:DEBUG:I went into False
2017-10-08 21:24:52,305:DEBUG:this is the score: 1
2017-10-08 21:25:33,766:DEBUG:I evaluated the super class try_to_score
2017-10-08 21:25:33,766:DEBUG:this is self.number: 1
2017-10-08 21:25:33,766:DEBUG:I went into False
2017-10-08 21:25:33,767:DEBUG:I went into False
2017-10-08 21:25:33,767:DEBUG:I went into False
2017-10-08 21:25:33,767:DEBUG:I went into False
2017-10-08 21:25:33,767:DEBUG:I went into False
2017-10-08 21:25:33,767:DEBUG:this is the score: 0
2017-10-08 21:25:33,767:DEBUG:I evaluated the super class try_to_score
2017-10-08 21:25:33,767:DEBUG:this is self.number: 1
2017-10-08 21:25:33,767:DEBUG:I went into False
2017-10-08 21:25:33,768:DEBUG:I went into False
2017-10-08 21:25:33,768:DEBUG:I went into False
2017-10-08 21:25:33,768:DEBUG:I went into False
2017-10-08 21:25:33,768:DEBUG:I went into False
2017-10-08 21:25:33,768:DEBUG:this is the score: 0
2017-10-08 21:25:54,728:DEBUG:I evaluated the super class try_to_score
2017-10-08 21:25:54,730:DEBUG:this is self.number: 1
2017-10-08 21:25:54,730:DEBUG:I went into False
2017-10-08 21:25:54,730:DEBUG:I went into False
2017-10-08 21:25:54,730:DEBUG:I went into False
2017-10-08 21:25:54,730:DEBUG:I went into False
2017-10-08 21:25:54,730:DEBUG:I went into False
2017-10-08 21:25:54,730:DEBUG:this is the score: 0
2017-10-08 21:25:54,731:DEBUG:I evaluated the super class try_to_score
2017-10-08 21:25:54,731:DEBUG:this is self.number: 1
2017-10-08 21:25:54,731:DEBUG:I went into False
2017-10-08 21:25:54,731:DEBUG:I've been in true
2017-10-08 21:25:54,731:DEBUG:I went into False
2017-10-08 21:25:54,731:DEBUG:I went into False
2017-10-08 21:25:54,731:DEBUG:I went into False
2017-10-08 21:25:54,731:DEBUG:this is the score: 1
2017-10-08 21:25:58,001:DEBUG:I evaluated the super class try_to_score
2017-10-08 21:25:58,001:DEBUG:this is self.number: 1
2017-10-08 21:25:58,001:DEBUG:I went into False
2017-10-08 21:25:58,001:DEBUG:I went into False
2017-10-08 21:25:58,001:DEBUG:I went into False
2017-10-08 21:25:58,001:DEBUG:I went into False
2017-10-08 21:25:58,002:DEBUG:I went into False
2017-10-08 21:25:58,002:DEBUG:this is the score: 0
2017-10-08 21:25:58,002:DEBUG:I evaluated the super class try_to_score
2017-10-08 21:25:58,002:DEBUG:this is self.number: 1
2017-10-08 21:25:58,002:DEBUG:I went into False
2017-10-08 21:25:58,002:DEBUG:I went into False
2017-10-08 21:25:58,002:DEBUG:I went into False
2017-10-08 21:25:58,002:DEBUG:I went into False
2017-10-08 21:25:58,002:DEBUG:I went into False
2017-10-08 21:25:58,003:DEBUG:this is the score: 0
2017-10-08 21:26:00,074:DEBUG:I evaluated the super class try_to_score
2017-10-08 21:26:00,074:DEBUG:this is self.number: 1
2017-10-08 21:26:00,074:DEBUG:I went into False
2017-10-08 21:26:00,074:DEBUG:I went into False
2017-10-08 21:26:00,075:DEBUG:I went into False
2017-10-08 21:26:00,075:DEBUG:I went into False
2017-10-08 21:26:00,075:DEBUG:I went into False
2017-10-08 21:26:00,075:DEBUG:this is the score: 0
2017-10-08 21:26:00,075:DEBUG:I evaluated the super class try_to_score
2017-10-08 21:26:00,075:DEBUG:this is self.number: 1
2017-10-08 21:26:00,075:DEBUG:I've been in true
2017-10-08 21:26:00,075:DEBUG:I've been in true
2017-10-08 21:26:00,075:DEBUG:I went into False
2017-10-08 21:26:00,075:DEBUG:I went into False
2017-10-08 21:26:00,076:DEBUG:I went into False
2017-10-08 21:26:00,076:DEBUG:this is the score: 2
2017-10-08 21:26:01,299:DEBUG:I evaluated the super class try_to_score
2017-10-08 21:26:01,299:DEBUG:this is self.number: 1
2017-10-08 21:26:01,299:DEBUG:I went into False
2017-10-08 21:26:01,299:DEBUG:I went into False
2017-10-08 21:26:01,299:DEBUG:I went into False
2017-10-08 21:26:01,299:DEBUG:I went into False
2017-10-08 21:26:01,299:DEBUG:I went into False
2017-10-08 21:26:01,299:DEBUG:this is the score: 0
2017-10-08 21:26:01,300:DEBUG:I evaluated the super class try_to_score
2017-10-08 21:26:01,300:DEBUG:this is self.number: 1
2017-10-08 21:26:01,300:DEBUG:I went into False
2017-10-08 21:26:01,300:DEBUG:I went into False
2017-10-08 21:26:01,300:DEBUG:I went into False
2017-10-08 21:26:01,300:DEBUG:I went into False
2017-10-08 21:26:01,300:DEBUG:I went into False
2017-10-08 21:26:01,300:DEBUG:this is the score: 0
2017-10-08 21:26:02,416:DEBUG:I evaluated the super class try_to_score
2017-10-08 21:26:02,416:DEBUG:this is self.number: 1
2017-10-08 21:26:02,416:DEBUG:I went into False
2017-10-08 21:26:02,417:DEBUG:I went into False
2017-10-08 21:26:02,417:DEBUG:I went into False
2017-10-08 21:26:02,417:DEBUG:I went into False
2017-10-08 21:26:02,417:DEBUG:I went into False
2017-10-08 21:26:02,417:DEBUG:this is the score: 0
2017-10-08 21:26:02,417:DEBUG:I evaluated the super class try_to_score
2017-10-08 21:26:02,417:DEBUG:this is self.number: 1
2017-10-08 21:26:02,417:DEBUG:I went into False
2017-10-08 21:26:02,417:DEBUG:I went into False
2017-10-08 21:26:02,417:DEBUG:I went into False
2017-10-08 21:26:02,418:DEBUG:I went into False
2017-10-08 21:26:02,418:DEBUG:I went into False
2017-10-08 21:26:02,418:DEBUG:this is the score: 0
2017-10-08 21:26:03,464:DEBUG:I evaluated the super class try_to_score
2017-10-08 21:26:03,465:DEBUG:this is self.number: 1
2017-10-08 21:26:03,465:DEBUG:I went into False
2017-10-08 21:26:03,465:DEBUG:I went into False
2017-10-08 21:26:03,465:DEBUG:I've been in true
2017-10-08 21:26:03,465:DEBUG:I went into False
2017-10-08 21:26:03,465:DEBUG:I went into False
2017-10-08 21:26:03,465:DEBUG:this is the score: 1
2017-10-08 21:26:03,465:DEBUG:I evaluated the super class try_to_score
2017-10-08 21:26:03,465:DEBUG:I evaluated the super class try_to_score
2017-10-08 21:26:03,466:DEBUG:this is self.number: 1
2017-10-08 21:26:03,466:DEBUG:I went into False
2017-10-08 21:26:03,466:DEBUG:I went into False
2017-10-08 21:26:03,466:DEBUG:I went into False
2017-10-08 21:26:03,467:DEBUG:I went into False
2017-10-08 21:26:03,467:DEBUG:I went into False
2017-10-08 21:26:03,467:DEBUG:this is the score: 1
2017-10-08 21:26:46,871:DEBUG:I evaluated the super class try_to_score
2017-10-08 21:26:46,871:DEBUG:this is self.number: 1
2017-10-08 21:26:46,871:DEBUG:I went into False
2017-10-08 21:26:46,871:DEBUG:I've been in true
2017-10-08 21:26:46,871:DEBUG:I've been in true
2017-10-08 21:26:46,871:DEBUG:I went into False
2017-10-08 21:26:46,871:DEBUG:I went into False
2017-10-08 21:26:46,871:DEBUG:this is the score: 2
2017-10-08 21:26:46,872:DEBUG:I evaluated the super class try_to_score
2017-10-08 21:26:46,872:DEBUG:self.score > 0
2017-10-08 21:26:46,872:DEBUG:this is self.number: 1
2017-10-08 21:26:46,872:DEBUG:I went into False
2017-10-08 21:26:46,872:DEBUG:I went into False
2017-10-08 21:26:46,872:DEBUG:I've been in true
2017-10-08 21:26:46,872:DEBUG:I went into False
2017-10-08 21:26:46,872:DEBUG:I've been in true
2017-10-08 21:26:46,872:DEBUG:this is the score: 4
2017-10-08 21:34:16,463:DEBUG:I evaluated the super class try_to_score
2017-10-08 21:34:16,464:DEBUG:this is self.number: 1
2017-10-08 21:34:16,464:DEBUG:I went into False
2017-10-08 21:34:16,464:DEBUG:I went into False
2017-10-08 21:34:16,464:DEBUG:I went into False
2017-10-08 21:34:16,464:DEBUG:I went into False
2017-10-08 21:34:16,464:DEBUG:I went into False
2017-10-08 21:34:16,464:DEBUG:this is the score: 0
2017-10-08 21:34:16,464:DEBUG:I evaluated the super class try_to_score
2017-10-08 21:34:16,464:DEBUG:this is self.number: 1
2017-10-08 21:34:16,464:DEBUG:I went into False
2017-10-08 21:34:16,464:DEBUG:I went into False
2017-10-08 21:34:16,464:DEBUG:I went into False
2017-10-08 21:34:16,465:DEBUG:I went into False
2017-10-08 21:34:16,465:DEBUG:I went into False
2017-10-08 21:34:16,465:DEBUG:this is the score: 0
2017-10-08 21:34:24,165:DEBUG:I evaluated the super class try_to_score
2017-10-08 21:34:24,166:DEBUG:this is self.number: 1
2017-10-08 21:34:24,166:DEBUG:I went into False
2017-10-08 21:34:24,166:DEBUG:I went into False
2017-10-08 21:34:24,166:DEBUG:I went into False
2017-10-08 21:34:24,166:DEBUG:I went into False
2017-10-08 21:34:24,166:DEBUG:I went into False
2017-10-08 21:34:24,166:DEBUG:this is the score: 0
2017-10-08 21:34:24,167:DEBUG:I evaluated the super class try_to_score
2017-10-08 21:34:24,167:DEBUG:this is self.number: 1
2017-10-08 21:34:24,167:DEBUG:I went into False
2017-10-08 21:34:24,167:DEBUG:I've been in true
2017-10-08 21:34:24,167:DEBUG:I've been in true
2017-10-08 21:34:24,167:DEBUG:I went into False
2017-10-08 21:34:24,167:DEBUG:I went into False
2017-10-08 21:34:24,167:DEBUG:this is the score: 2
2017-10-08 21:34:25,558:DEBUG:I evaluated the super class try_to_score
2017-10-08 21:34:25,558:DEBUG:this is self.number: 1
2017-10-08 21:34:25,558:DEBUG:I went into False
2017-10-08 21:34:25,558:DEBUG:I went into False
2017-10-08 21:34:25,558:DEBUG:I went into False
2017-10-08 21:34:25,558:DEBUG:I went into False
2017-10-08 21:34:25,558:DEBUG:I went into False
2017-10-08 21:34:25,558:DEBUG:this is the score: 0
2017-10-08 21:34:25,559:DEBUG:I evaluated the super class try_to_score
2017-10-08 21:34:25,559:DEBUG:this is self.number: 1
2017-10-08 21:34:25,559:DEBUG:I went into False
2017-10-08 21:34:25,559:DEBUG:I went into False
2017-10-08 21:34:25,559:DEBUG:I went into False
2017-10-08 21:34:25,559:DEBUG:I went into False
2017-10-08 21:34:25,559:DEBUG:I went into False
2017-10-08 21:34:25,559:DEBUG:this is the score: 0
2017-10-08 21:34:26,760:DEBUG:I evaluated the super class try_to_score
2017-10-08 21:34:26,761:DEBUG:this is self.number: 1
2017-10-08 21:34:26,761:DEBUG:I went into False
2017-10-08 21:34:26,761:DEBUG:I went into False
2017-10-08 21:34:26,761:DEBUG:I went into False
2017-10-08 21:34:26,761:DEBUG:I went into False
2017-10-08 21:34:26,761:DEBUG:I went into False
2017-10-08 21:34:26,761:DEBUG:this is the score: 0
2017-10-08 21:34:26,762:DEBUG:I evaluated the super class try_to_score
2017-10-08 21:34:26,762:DEBUG:this is self.number: 1
2017-10-08 21:34:26,762:DEBUG:I went into False
2017-10-08 21:34:26,762:DEBUG:I went into False
2017-10-08 21:34:26,762:DEBUG:I went into False
2017-10-08 21:34:26,762:DEBUG:I went into False
2017-10-08 21:34:26,762:DEBUG:I've been in true
2017-10-08 21:34:26,763:DEBUG:this is the score: 1
2017-10-08 21:34:27,627:DEBUG:I evaluated the super class try_to_score
2017-10-08 21:34:27,627:DEBUG:this is self.number: 1
2017-10-08 21:34:27,627:DEBUG:I've been in true
2017-10-08 21:34:27,627:DEBUG:I went into False
2017-10-08 21:34:27,627:DEBUG:I've been in true
2017-10-08 21:34:27,627:DEBUG:I went into False
2017-10-08 21:34:27,627:DEBUG:I went into False
2017-10-08 21:34:27,627:DEBUG:this is the score: 2
2017-10-08 21:34:27,628:DEBUG:I evaluated the super class try_to_score
2017-10-08 21:34:27,628:DEBUG:self.score > 0
2017-10-08 21:34:34,529:DEBUG:I evaluated the super class try_to_score
2017-10-08 21:34:34,529:DEBUG:this is self.number: 1
2017-10-08 21:34:34,529:DEBUG:I went into False
2017-10-08 21:34:34,529:DEBUG:I went into False
2017-10-08 21:34:34,530:DEBUG:I went into False
2017-10-08 21:34:34,530:DEBUG:I've been in true
2017-10-08 21:34:34,530:DEBUG:I went into False
2017-10-08 21:34:34,530:DEBUG:this is the score: 1
2017-10-08 21:34:34,530:DEBUG:I evaluated the super class try_to_score
2017-10-08 21:34:34,530:DEBUG:self.score > 0
2017-10-08 21:34:35,548:DEBUG:I evaluated the super class try_to_score
2017-10-08 21:34:35,548:DEBUG:this is self.number: 1
2017-10-08 21:34:35,548:DEBUG:I went into False
2017-10-08 21:34:35,548:DEBUG:I went into False
2017-10-08 21:34:35,548:DEBUG:I went into False
2017-10-08 21:34:35,548:DEBUG:I've been in true
2017-10-08 21:34:35,548:DEBUG:I went into False
2017-10-08 21:34:35,549:DEBUG:this is the score: 1
2017-10-08 21:34:35,549:DEBUG:I evaluated the super class try_to_score
2017-10-08 21:34:35,549:DEBUG:self.score > 0
2017-10-08 21:34:36,424:DEBUG:I evaluated the super class try_to_score
2017-10-08 21:34:36,424:DEBUG:this is self.number: 1
2017-10-08 21:34:36,425:DEBUG:I went into False
2017-10-08 21:34:36,425:DEBUG:I've been in true
2017-10-08 21:34:36,425:DEBUG:I went into False
2017-10-08 21:34:36,425:DEBUG:I went into False
2017-10-08 21:34:36,425:DEBUG:I went into False
2017-10-08 21:34:36,425:DEBUG:this is the score: 1
2017-10-08 21:34:36,425:DEBUG:I evaluated the super class try_to_score
2017-10-08 21:34:36,425:DEBUG:self.score > 0
2017-10-08 21:34:38,218:DEBUG:I evaluated the super class try_to_score
2017-10-08 21:34:38,218:DEBUG:this is self.number: 1
2017-10-08 21:34:38,218:DEBUG:I went into False
2017-10-08 21:34:38,218:DEBUG:I've been in true
2017-10-08 21:34:38,218:DEBUG:I went into False
2017-10-08 21:34:38,218:DEBUG:I went into False
2017-10-08 21:34:38,218:DEBUG:I went into False
2017-10-08 21:34:38,218:DEBUG:this is the score: 1
2017-10-08 21:34:38,218:DEBUG:I evaluated the super class try_to_score
2017-10-08 21:34:38,218:DEBUG:self.score > 0
2017-10-08 21:34:39,374:DEBUG:I evaluated the super class try_to_score
2017-10-08 21:34:39,374:DEBUG:this is self.number: 1
2017-10-08 21:34:39,374:DEBUG:I went into False
2017-10-08 21:34:39,374:DEBUG:I went into False
2017-10-08 21:34:39,374:DEBUG:I went into False
2017-10-08 21:34:39,374:DEBUG:I've been in true
2017-10-08 21:34:39,375:DEBUG:I went into False
2017-10-08 21:34:39,375:DEBUG:this is the score: 1
2017-10-08 21:34:39,375:DEBUG:I evaluated the super class try_to_score
2017-10-08 21:34:39,375:DEBUG:self.score > 0
2017-10-08 21:34:41,085:DEBUG:I evaluated the super class try_to_score
2017-10-08 21:34:41,085:DEBUG:this is self.number: 1
2017-10-08 21:34:41,085:DEBUG:I went into False
2017-10-08 21:34:41,085:DEBUG:I went into False
2017-10-08 21:34:41,085:DEBUG:I went into False
2017-10-08 21:34:41,086:DEBUG:I went into False
2017-10-08 21:34:41,086:DEBUG:I went into False
2017-10-08 21:34:41,086:DEBUG:this is the score: 0
2017-10-08 21:34:41,086:DEBUG:I evaluated the super class try_to_score
2017-10-08 21:34:41,086:DEBUG:this is self.number: 1
2017-10-08 21:34:41,086:DEBUG:I went into False
2017-10-08 21:34:41,086:DEBUG:I went into False
2017-10-08 21:34:41,086:DEBUG:I went into False
2017-10-08 21:34:41,087:DEBUG:I went into False
2017-10-08 21:34:41,087:DEBUG:I went into False
2017-10-08 21:34:41,087:DEBUG:this is the score: 0
2017-10-08 21:34:42,305:DEBUG:I evaluated the super class try_to_score
2017-10-08 21:34:42,306:DEBUG:this is self.number: 1
2017-10-08 21:34:42,306:DEBUG:I went into False
2017-10-08 21:34:42,306:DEBUG:I went into False
2017-10-08 21:34:42,306:DEBUG:I've been in true
2017-10-08 21:34:42,306:DEBUG:I went into False
2017-10-08 21:34:42,306:DEBUG:I went into False
2017-10-08 21:34:42,306:DEBUG:this is the score: 1
2017-10-08 21:34:42,306:DEBUG:I evaluated the super class try_to_score
2017-10-08 21:34:42,306:DEBUG:self.score > 0
2017-10-08 21:36:22,784:DEBUG:I evaluated the super class try_to_score
2017-10-08 21:36:22,785:DEBUG:this is self.number: 1
2017-10-08 21:36:22,785:DEBUG:I went into False
2017-10-08 21:36:22,785:DEBUG:I went into False
2017-10-08 21:36:22,785:DEBUG:I went into False
2017-10-08 21:36:22,785:DEBUG:I went into False
2017-10-08 21:36:22,785:DEBUG:I went into False
2017-10-08 21:36:22,785:DEBUG:this is the score: 0
2017-10-08 21:36:22,786:DEBUG:I evaluated the super class try_to_score
2017-10-08 21:36:22,786:DEBUG:this is self.number: 1
2017-10-08 21:36:22,786:DEBUG:I've been in true
2017-10-08 21:36:22,786:DEBUG:I went into False
2017-10-08 21:36:22,786:DEBUG:I went into False
2017-10-08 21:36:22,786:DEBUG:I went into False
2017-10-08 21:36:22,786:DEBUG:I went into False
2017-10-08 21:36:22,786:DEBUG:this is the score: 1
2017-10-08 21:36:27,478:DEBUG:I evaluated the super class try_to_score
2017-10-08 21:36:27,478:DEBUG:this is self.number: 1
2017-10-08 21:36:27,478:DEBUG:I went into False
2017-10-08 21:36:27,478:DEBUG:I went into False
2017-10-08 21:36:27,478:DEBUG:I went into False
2017-10-08 21:36:27,478:DEBUG:I went into False
2017-10-08 21:36:27,478:DEBUG:I went into False
2017-10-08 21:36:27,478:DEBUG:this is the score: 0
2017-10-08 21:36:27,478:DEBUG:I evaluated the super class try_to_score
2017-10-08 21:36:27,479:DEBUG:this is self.number: 1
2017-10-08 21:36:27,479:DEBUG:I went into False
2017-10-08 21:36:27,479:DEBUG:I went into False
2017-10-08 21:36:27,479:DEBUG:I've been in true
2017-10-08 21:36:27,479:DEBUG:I went into False
2017-10-08 21:36:27,479:DEBUG:I've been in true
2017-10-08 21:36:27,479:DEBUG:this is the score: 2
2017-10-08 21:36:33,125:DEBUG:I evaluated the super class try_to_score
2017-10-08 21:36:33,126:DEBUG:this is self.number: 1
2017-10-08 21:36:33,126:DEBUG:I've been in true
2017-10-08 21:36:33,126:DEBUG:I went into False
2017-10-08 21:36:33,126:DEBUG:I went into False
2017-10-08 21:36:33,126:DEBUG:I went into False
2017-10-08 21:36:33,126:DEBUG:I've been in true
2017-10-08 21:36:33,126:DEBUG:this is the score: 2
2017-10-08 21:36:33,126:DEBUG:I evaluated the super class try_to_score
2017-10-08 21:36:33,126:DEBUG:self.score > 0
2017-10-09 14:12:30,157:DEBUG:I evaluated the super class try_to_score
2017-10-09 14:12:30,159:DEBUG:this is self.number: 4
2017-10-09 14:12:30,159:DEBUG:I went into False
2017-10-09 14:12:30,159:DEBUG:I went into False
2017-10-09 14:12:30,159:DEBUG:I've been in true
2017-10-09 14:12:30,160:DEBUG:I've been in true
2017-10-09 14:12:30,160:DEBUG:I went into False
2017-10-09 14:12:30,160:DEBUG:this is the score: 8
2017-10-09 14:13:58,978:DEBUG:I evaluated the super class try_to_score
2017-10-09 14:13:58,979:DEBUG:this is self.number: 4
2017-10-09 14:13:58,979:DEBUG:I've been in true
2017-10-09 14:13:58,979:DEBUG:I've been in true
2017-10-09 14:13:58,979:DEBUG:I went into False
2017-10-09 14:13:58,979:DEBUG:I went into False
2017-10-09 14:13:58,980:DEBUG:I've been in true
2017-10-09 14:13:58,980:DEBUG:this is the score: 12
2017-10-09 14:18:51,107:DEBUG:I evaluated the super class try_to_score
2017-10-09 14:18:51,108:DEBUG:this is the score: 4
2017-10-09 14:18:51,109:DEBUG:try_to_score returned True
2017-10-09 14:20:35,870:DEBUG:I evaluated the super class try_to_score
2017-10-09 14:20:35,870:DEBUG:this is the score: 2
2017-10-09 14:20:35,870:DEBUG:try_to_score returned True
2017-10-09 14:26:05,378:DEBUG:I evaluated the super class try_to_score
2017-10-09 14:26:05,379:DEBUG:this is the score: 5
2017-10-09 14:26:05,380:DEBUG:try_to_score returned True
2017-10-09 14:29:47,434:DEBUG:I evaluated the super class try_to_score
2017-10-09 14:29:47,436:DEBUG:this is the score: 20
2017-10-09 14:29:47,436:DEBUG:try_to_score returned True
2017-10-09 14:30:13,616:DEBUG:I evaluated the super class try_to_score
2017-10-09 14:30:13,616:DEBUG:this is the score: 3
2017-10-09 14:30:13,616:DEBUG:try_to_score returned True
2017-10-10 09:51:23,011:DEBUG:this is the value of Counter c: Counter({2: 2, 4: 2, 5: 1})
2017-10-10 09:55:08,440:DEBUG:this is the value of Counter c: Counter({2: 2, 6: 1, 3: 1, 4: 1})
2017-10-10 09:56:04,601:DEBUG:this is the value of Counter c: Counter({2: 2, 6: 2, 3: 1})
2017-10-10 09:56:27,124:DEBUG:this is the value of Counter c: Counter({2: 2, 1: 2, 5: 1})
2017-10-10 09:56:27,125:DEBUG:this is the value of the multiples list: [2, 1]
2017-10-10 10:03:37,934:DEBUG:this is the value of Counter c: Counter({2: 2, 6: 2, 3: 1})
2017-10-10 10:03:37,935:DEBUG:this is the value of the multiples list: [2, 6]
2017-10-10 10:03:46,869:DEBUG:this is the value of Counter c: Counter({2: 2, 6: 1, 1: 1, 3: 1})
2017-10-10 10:03:46,869:DEBUG:this is the value of the multiples list: [2]
2017-10-19 16:59:37,362:DEBUG:this is the value of Counter c: Counter({5: 2, 4: 2, 2: 1})
2017-10-19 16:59:37,363:DEBUG:this is the value of the multiples list: []
2017-10-19 17:03:10,434:DEBUG:this is the value of Counter c: Counter({6: 4, 2: 1})
2017-10-19 17:03:10,436:DEBUG:this is the value of the multiples list: []
2017-10-19 17:04:10,314:DEBUG:this is the value of Counter c: Counter({6: 5})
2017-10-19 17:04:10,316:DEBUG:this is the value of the multiples list: []
2017-10-19 17:04:33,444:DEBUG:this is the value of Counter c: Counter({6: 5})
2017-10-19 17:04:33,445:DEBUG:this is the value of the multiples list: []
2017-10-19 17:05:33,166:DEBUG:this is the value of Counter c: Counter({6: 3, 5: 2})
2017-10-19 17:05:33,168:DEBUG:this is the value of the multiples list: [5]
2017-10-19 17:07:11,999:DEBUG:this is the value of Counter c: Counter({5: 3, 1: 1, 3: 1})
2017-10-19 17:07:12,000:DEBUG:this is the value of the multiples list: [5]
2017-10-19 17:07:23,621:DEBUG:this is the value of Counter c: Counter({5: 2, 3: 1, 2: 1, 6: 1})
2017-10-19 17:07:23,622:DEBUG:this is the value of the multiples list: []
2017-10-19 17:07:39,393:DEBUG:this is the value of Counter c: Counter({5: 3, 1: 1, 6: 1})
2017-10-19 17:07:39,395:DEBUG:this is the value of the multiples list: [5]
2017-10-19 17:07:46,322:DEBUG:this is the value of Counter c: Counter({5: 3, 2: 1, 1: 1})
2017-10-19 17:07:46,323:DEBUG:this is the value of the multiples list: [5]
2017-10-19 17:07:56,855:DEBUG:this is the value of Counter c: Counter({5: 3, 1: 2})
2017-10-19 17:07:56,855:DEBUG:this is the value of the multiples list: []
2017-10-19 17:08:10,084:DEBUG:this is the value of Counter c: Counter({5: 4, 3: 1})
2017-10-19 17:08:10,084:DEBUG:this is the value of the multiples list: [5]
2017-10-19 17:08:20,236:DEBUG:this is the value of Counter c: Counter({5: 4, 4: 1})
2017-10-19 17:08:20,237:DEBUG:this is the value of the multiples list: [5]
2017-10-19 17:21:51,942:DEBUG:this is the value of Counter c: Counter({4: 2, 5: 2, 6: 1})
2017-10-19 17:21:51,942:DEBUG:this is the value of the multiples list: [4, 5]
2017-10-19 17:23:19,110:DEBUG:this is the value of Counter c: Counter({4: 2, 5: 2, 1: 1})
2017-10-19 17:23:19,112:DEBUG:this is the value of the multiples list: [4, 5]
2017-10-19 17:24:05,459:DEBUG:this is the value of Counter c: Counter({4: 2, 5: 2, 3: 1})
2017-10-19 17:24:05,461:DEBUG:this is the value of the multiples list: [4, 5]
2017-10-19 17:26:17,156:DEBUG:this is the value of Counter c: Counter({5: 3, 4: 2})
2017-10-19 17:26:17,157:DEBUG:this is the value of the multiples list: [4, 5]
2017-10-19 17:26:35,029:DEBUG:this is the value of Counter c: Counter({4: 3, 5: 2})
2017-10-19 17:26:35,031:DEBUG:this is the value of the multiples list: [4, 5]
2017-10-19 17:26:36,874:DEBUG:Remaining user_input4
2017-10-19 17:26:36,874:DEBUG:self.multiple:2
2017-10-19 17:28:15,574:DEBUG:this is the value of Counter c: Counter({4: 2, 5: 2, 6: 1})
2017-10-19 17:28:15,575:DEBUG:this is the value of the multiples list: [4, 5]
2017-10-19 17:28:17,683:DEBUG:Remaining user_input: 5
2017-10-19 17:28:17,683:DEBUG:self.multiple: 2
2017-10-19 17:28:45,372:DEBUG:this is the value of Counter c: Counter({4: 2, 5: 2, 1: 1})
2017-10-19 17:28:45,372:DEBUG:this is the value of the multiples list: [4, 5]
2017-10-19 17:28:47,727:DEBUG:Remaining user_input: 4
2017-10-19 17:28:47,727:DEBUG:self.multiple: 2
2017-10-19 21:02:36,211:DEBUG:this is the value of Counter c: Counter({5: 2, 6: 1, 3: 1, 2: 1})
2017-10-19 21:02:36,213:DEBUG:this is the value of the multiples list: [5]
2017-10-19 21:03:01,116:DEBUG:this is the value of Counter c: Counter({3: 2, 6: 2, 2: 1})
2017-10-19 21:03:01,117:DEBUG:this is the value of the multiples list: []
2017-10-20 15:11:39,796:DEBUG:this is the value of Counter c: Counter({1: 3, 2: 1, 6: 1})
2017-10-20 15:11:39,797:DEBUG:this is the value of the multiples list: [1]
2017-10-20 15:14:02,633:DEBUG:this is the value of Counter c: Counter({4: 2, 6: 2, 5: 1})
2017-10-20 15:14:02,634:DEBUG:this is the value of the multiples list: [4, 6]
2017-10-20 15:14:22,839:DEBUG:Remaining user_input: 4
2017-10-20 15:14:22,839:DEBUG:self.multiple: 2
2017-10-20 15:14:22,840:DEBUG:x in dices: <dice.Dice object at 0x101b32710>
2017-10-20 15:18:23,783:DEBUG:this is the value of Counter c: Counter({5: 2, 3: 2, 2: 1})
2017-10-20 15:18:23,784:DEBUG:this is the value of the multiples list: [5, 3]
2017-10-20 15:18:28,285:DEBUG:Remaining user_input: 3
2017-10-20 15:18:28,286:DEBUG:self.multiple: 2
2017-10-20 15:18:28,286:DEBUG:x in dices: <dice.Dice object at 0x101b2af98>
2017-10-20 15:18:28,286:DEBUG:index of x in dices: 0
2017-10-20 15:18:28,286:DEBUG:x in dices: <dice.Dice object at 0x101b2afd0>
2017-10-20 15:18:28,287:DEBUG:index of x in dices: 1
2017-10-20 15:18:28,287:DEBUG:x in dices: <dice.Dice object at 0x101b37048>
2017-10-20 15:18:28,287:DEBUG:index of x in dices: 2
2017-10-20 15:18:28,287:DEBUG:x in dices: <dice.Dice object at 0x101b37080>
2017-10-20 15:18:28,287:DEBUG:index of x in dices: 3
2017-10-20 15:19:56,443:DEBUG:this is the value of Counter c: Counter({1: 2, 6: 2, 2: 1})
2017-10-20 15:19:56,444:DEBUG:this is the value of the multiples list: [1, 6]
2017-10-20 15:20:01,230:DEBUG:Remaining user_input: 6
2017-10-20 15:20:01,230:DEBUG:self.multiple: 2
2017-10-20 15:20:01,231:DEBUG:x in dices: <dice.Dice object at 0x102b33710>
2017-10-20 15:20:01,231:DEBUG:index of x in dices: 0
2017-10-20 15:20:01,231:DEBUG:x in dices: <dice.Dice object at 0x102b33748>
2017-10-20 15:20:01,231:DEBUG:index of x in dices: 1
2017-10-20 15:20:01,231:DEBUG:x in dices: <dice.Dice object at 0x102b337b8>
2017-10-20 15:20:01,232:DEBUG:index of x in dices: 2
2017-10-20 15:20:01,232:DEBUG:x in dices: <dice.Dice object at 0x102b337f0>
2017-10-20 15:20:01,232:DEBUG:index of x in dices: 3
2017-10-20 15:20:01,232:DEBUG:this is the value of Counter c: Counter({1: 2, 6: 1, 2: 1})
2017-10-20 15:20:01,232:DEBUG:this is the value of the multiples list: [1]
2017-10-20 15:20:28,206:DEBUG:this is the value of Counter c: Counter({4: 2, 6: 1, 5: 1, 1: 1})
2017-10-20 15:20:28,206:DEBUG:this is the value of the multiples list: [4]
2017-10-20 15:20:28,206:DEBUG:x in dices: <dice.Dice object at 0x10220ffd0>
2017-10-20 15:20:28,206:DEBUG:index of x in dices: 0
2017-10-20 15:20:28,206:DEBUG:x in dices: <dice.Dice object at 0x10221c048>
2017-10-20 15:20:28,207:DEBUG:index of x in dices: 1
2017-10-20 15:20:28,207:DEBUG:x in dices: <dice.Dice object at 0x10221c080>
2017-10-20 15:20:28,207:DEBUG:index of x in dices: 2
2017-10-20 15:20:28,207:DEBUG:x in dices: <dice.Dice object at 0x10221c0b8>
2017-10-20 15:20:28,208:DEBUG:index of x in dices: 3
2017-10-20 15:20:28,208:DEBUG:this is the value of Counter c: Counter({6: 1, 5: 1, 1: 1, 4: 1})
2017-10-20 15:20:28,208:DEBUG:this is the value of the multiples list: []
2017-10-20 15:20:37,339:DEBUG:this is the value of Counter c: Counter({4: 2, 1: 1, 2: 1, 5: 1})
2017-10-20 15:20:37,339:DEBUG:this is the value of the multiples list: [4]
2017-10-20 15:20:37,339:DEBUG:x in dices: <dice.Dice object at 0x10220ffd0>
2017-10-20 15:20:37,340:DEBUG:index of x in dices: 0
2017-10-20 15:20:37,340:DEBUG:x in dices: <dice.Dice object at 0x10221c080>
2017-10-20 15:20:37,340:DEBUG:index of x in dices: 1
2017-10-20 15:20:37,340:DEBUG:x in dices: <dice.Dice object at 0x10221c0b8>
2017-10-20 15:20:37,341:DEBUG:index of x in dices: 2
2017-10-20 15:20:37,341:DEBUG:x in dices: <dice.Dice object at 0x10221c0f0>
2017-10-20 15:20:37,341:DEBUG:index of x in dices: 3
2017-10-20 15:20:37,341:DEBUG:this is the value of Counter c: Counter({4: 1, 1: 1, 2: 1, 5: 1})
2017-10-20 15:20:37,341:DEBUG:this is the value of the multiples list: []
2017-10-20 15:21:11,566:DEBUG:this is the value of Counter c: Counter({5: 2, 4: 1, 3: 1, 1: 1})
2017-10-20 15:21:11,567:DEBUG:this is the value of the multiples list: [5]
2017-10-20 15:21:11,567:DEBUG:x in dices: <dice.Dice object at 0x101b2af60>
2017-10-20 15:21:11,567:DEBUG:index of x in dices: 0
2017-10-20 15:21:11,567:DEBUG:x in dices: <dice.Dice object at 0x101b2afd0>
2017-10-20 15:21:11,567:DEBUG:index of x in dices: 1
2017-10-20 15:21:11,568:DEBUG:x in dices: <dice.Dice object at 0x101b37080>
2017-10-20 15:21:11,568:DEBUG:index of x in dices: 2
2017-10-20 15:21:11,568:DEBUG:this is the value of Counter c: Counter({4: 1, 3: 1, 1: 1})
2017-10-20 15:21:11,568:DEBUG:this is the value of the multiples list: []
2017-10-20 16:00:36,153:DEBUG:this is the value of Counter c: Counter({6: 2, 1: 2, 2: 1})
2017-10-20 16:00:36,154:DEBUG:this is the value of the multiples list: [6, 1]
2017-10-20 16:00:39,756:DEBUG:Remaining user_input: 6
2017-10-20 16:00:39,756:DEBUG:self.multiple: 2
2017-10-20 16:00:39,756:DEBUG:x in dices: <dice.Dice object at 0x101b34828>
2017-10-20 16:00:39,756:DEBUG:index of x in dices: 0
2017-10-20 16:00:39,756:DEBUG:x in dices: <dice.Dice object at 0x101b34898>
2017-10-20 16:00:39,757:DEBUG:index of x in dices: 1
2017-10-20 16:00:39,757:DEBUG:x in dices: <dice.Dice object at 0x101b348d0>
2017-10-20 16:00:39,757:DEBUG:index of x in dices: 2
2017-10-20 16:00:39,757:DEBUG:this is the value of Counter c: Counter({1: 2, 2: 1})
2017-10-20 16:00:39,758:DEBUG:this is the value of the multiples list: [1]
2017-10-20 16:02:00,566:DEBUG:this is the value of Counter c: Counter({6: 2, 3: 1, 1: 1, 2: 1})
2017-10-20 16:02:00,567:DEBUG:this is the value of the multiples list: [6]
2017-10-20 16:02:53,566:DEBUG:this is the value of Counter c: Counter({2: 4, 4: 1})
2017-10-20 16:02:53,566:DEBUG:this is the value of the multiples list: [2]
2017-10-20 16:02:53,566:DEBUG:x in dices: <dice.Dice object at 0x10234e860>
2017-10-20 16:02:53,567:DEBUG:index of x in dices: 0
2017-10-20 16:02:53,567:DEBUG:x in dices: <dice.Dice object at 0x10234e8d0>
2017-10-20 16:02:53,567:DEBUG:index of x in dices: 1
2017-10-20 16:02:53,568:DEBUG:x in dices: <dice.Dice object at 0x10234e940>
2017-10-20 16:02:53,568:DEBUG:index of x in dices: 2
2017-10-20 16:02:53,568:DEBUG:this is the value of Counter c: Counter({4: 1, 2: 1})
2017-10-20 16:02:53,568:DEBUG:this is the value of the multiples list: []
2017-10-20 16:03:18,467:DEBUG:this is the value of Counter c: Counter({4: 2, 2: 1, 5: 1, 3: 1})
2017-10-20 16:03:18,467:DEBUG:this is the value of the multiples list: [4]
2017-10-20 16:03:54,989:DEBUG:this is the value of Counter c: Counter({2: 3, 1: 1, 5: 1})
2017-10-20 16:03:54,990:DEBUG:this is the value of the multiples list: [2]
2017-10-20 16:04:13,984:DEBUG:this is the value of Counter c: Counter({4: 2, 5: 2, 6: 1})
2017-10-20 16:04:13,986:DEBUG:this is the value of the multiples list: [4, 5]
2017-10-20 16:04:16,776:DEBUG:Remaining user_input: 4
2017-10-20 16:04:16,776:DEBUG:self.multiple: 2
2017-10-20 16:04:16,776:DEBUG:x in dices: <dice.Dice object at 0x102331208>
2017-10-20 16:04:16,776:DEBUG:index of x in dices: 0
2017-10-20 16:04:16,777:DEBUG:x in dices: <dice.Dice object at 0x102331278>
2017-10-20 16:04:16,777:DEBUG:index of x in dices: 1
2017-10-20 16:04:16,777:DEBUG:x in dices: <dice.Dice object at 0x1023312b0>
2017-10-20 16:04:16,777:DEBUG:index of x in dices: 2
2017-10-20 16:04:16,777:DEBUG:x in dices: <dice.Dice object at 0x1023312e8>
2017-10-20 16:04:16,778:DEBUG:index of x in dices: 3
2017-10-20 16:04:16,778:DEBUG:this is the value of Counter c: Counter({5: 2, 6: 1})
2017-10-20 16:04:16,778:DEBUG:this is the value of the multiples list: [5]
2017-10-21 10:11:56,461:DEBUG:this is the value of Counter c: Counter({4: 3, 1: 1, 6: 1})
2017-10-21 10:11:56,463:DEBUG:this is the value of the multiples list: [4]
2017-10-21 10:18:48,395:DEBUG:this is the value of Counter c: Counter({2: 5})
2017-10-21 10:18:48,397:DEBUG:this is the value of the multiples list: [2]
2017-10-21 10:57:15,385:DEBUG:this is the value of Counter c: Counter({3: 5})
2017-10-21 10:57:15,387:DEBUG:this is the value of the multiples list: [3]
2017-10-21 10:57:48,683:DEBUG:this is the value of Counter c: Counter({5: 4, 3: 1})
2017-10-21 10:57:48,683:DEBUG:this is the value of the multiples list: [5]
2017-10-21 10:58:39,079:DEBUG:this is the value of Counter c: Counter({4: 2, 2: 1, 5: 1, 3: 1})
2017-10-21 10:58:39,079:DEBUG:this is the value of the multiples list: [4]
2017-10-21 10:59:06,677:DEBUG:this is the value of Counter c: Counter({5: 3, 6: 1, 1: 1})
2017-10-21 10:59:06,678:DEBUG:this is the value of the multiples list: [5]
2017-10-21 11:02:36,674:DEBUG:User entered 0
2017-10-21 11:02:58,711:DEBUG:this is the value of Counter c: Counter({1: 2, 3: 2, 4: 1})
2017-10-21 11:02:58,711:DEBUG:this is the value of the multiples list: [1, 3]
2017-10-21 11:03:02,294:DEBUG:Remaining user_input: 1
2017-10-21 11:03:02,294:DEBUG:self.multiple: 2
2017-10-21 11:03:02,295:DEBUG:x in dices: <dice.Dice object at 0x10075b7f0>
2017-10-21 11:03:02,295:DEBUG:index of x in dices: 0
2017-10-21 11:03:02,295:DEBUG:x in dices: <dice.Dice object at 0x100791630>
2017-10-21 11:03:02,295:DEBUG:index of x in dices: 1
2017-10-21 11:03:02,296:DEBUG:x in dices: <dice.Dice object at 0x101b8fb38>
2017-10-21 11:03:02,296:DEBUG:index of x in dices: 2
2017-10-21 11:03:02,296:DEBUG:this is the value of Counter c: Counter({3: 2, 4: 1})
2017-10-21 11:03:02,296:DEBUG:this is the value of the multiples list: [3]
2017-10-21 11:04:53,768:DEBUG:User entered 0
2017-10-21 11:05:16,980:DEBUG:User entered 0
2017-10-21 11:05:21,147:DEBUG:User entered 0
2017-10-21 11:12:48,472:DEBUG:User entered 0
2017-10-21 11:13:00,990:DEBUG:this is the value of Counter c: Counter({5: 2, 1: 1, 4: 1, 3: 1})
2017-10-21 11:13:00,990:DEBUG:this is the value of the multiples list: [5]
2017-10-21 11:13:11,257:DEBUG:User entered 0
2017-10-21 11:13:14,795:DEBUG:User entered 0
2017-10-21 11:13:25,581:DEBUG:this is the value of Counter c: Counter({1: 2, 6: 1, 2: 1, 4: 1})
2017-10-21 11:13:25,582:DEBUG:this is the value of the multiples list: []
2017-10-21 11:16:09,183:DEBUG:this is the value of Counter c: Counter({6: 2, 3: 1, 5: 1, 1: 1})
2017-10-21 11:16:09,184:DEBUG:this is the value of the multiples list: [6]
2017-10-21 11:18:27,086:DEBUG:this is the value of Counter c: Counter({6: 3, 4: 2})
2017-10-21 11:18:27,088:DEBUG:this is the value of the multiples list: [6]
2017-10-21 11:18:34,742:DEBUG:User entered 0
2017-10-21 11:18:40,430:DEBUG:User entered 0
2017-10-21 11:19:07,371:DEBUG:this is the value of Counter c: Counter({6: 4, 1: 1})
2017-10-21 11:19:07,371:DEBUG:this is the value of the multiples list: [6]
2017-10-21 11:21:45,550:DEBUG:this is the value of Counter c: Counter({4: 2, 1: 1, 5: 1, 3: 1})
2017-10-21 11:21:45,551:DEBUG:this is the value of the multiples list: [4]
2017-10-21 11:22:24,834:DEBUG:this is the value of Counter c: Counter({4: 3, 5: 2})
2017-10-21 11:22:24,834:DEBUG:this is the value of the multiples list: [4, 5]
2017-10-21 11:22:30,014:DEBUG:Remaining user_input: 4
2017-10-21 11:22:30,015:DEBUG:self.multiple: 2
2017-10-21 11:22:30,015:DEBUG:x in dices: <dice.Dice object at 0x10075b7f0>
2017-10-21 11:22:30,015:DEBUG:index of x in dices: 0
2017-10-21 11:22:30,015:DEBUG:x in dices: <dice.Dice object at 0x100791630>
2017-10-21 11:22:30,016:DEBUG:index of x in dices: 1
2017-10-21 11:22:30,016:DEBUG:x in dices: <dice.Dice object at 0x102332438>
2017-10-21 11:22:30,016:DEBUG:index of x in dices: 2
2017-10-21 11:22:30,016:DEBUG:this is the value of Counter c: Counter({5: 2, 4: 1})
2017-10-21 11:22:30,016:DEBUG:this is the value of the multiples list: [5]
2017-10-21 11:28:55,015:DEBUG:this is the value of Counter c: Counter({5: 2, 2: 2, 4: 1})
2017-10-21 11:28:55,015:DEBUG:this is the value of the multiples list: []
2017-10-23 15:43:53,711:DEBUG:Multiples counter, full house category: Counter({2: 3, 6: 2})
2017-10-23 15:43:53,713:DEBUG:Value of c[0]: 0
2017-10-23 15:58:01,832:DEBUG:Multiples counter, full house category: Counter({2: 3, 6: 2})
2017-10-23 15:58:01,832:DEBUG:Value of c[0]: 0
2017-10-23 15:59:04,717:DEBUG:Multiples counter, full house category: Counter({2: 3, 6: 2})
2017-10-23 15:59:04,719:DEBUG:Value of c[0]: 0
2017-10-23 16:00:39,278:DEBUG:Multiples counter, full house category: Counter({2: 3, 6: 2})
2017-10-23 16:00:39,279:DEBUG:Value of c[0]: 0
2017-10-23 16:02:11,324:DEBUG:Multiples counter, full house category: Counter({2: 3, 6: 2})
2017-10-23 16:02:11,324:DEBUG:Value of c[0]: 0
2017-10-23 16:02:11,324:DEBUG:key: 2value: 3used_dices: 0
2017-10-23 16:03:38,411:DEBUG:Multiples counter, full house category: Counter({2: 3, 6: 2})
2017-10-23 16:03:38,411:DEBUG:Value of c[0]: 0
2017-10-23 16:03:38,412:DEBUG:key: 2value: 3used_dices: 0
2017-10-23 16:03:38,412:DEBUG:key: 6value: 2used_dices: 3
2017-10-23 16:04:27,997:DEBUG:Multiples counter, full house category: Counter({2: 3, 6: 2})
2017-10-23 16:04:27,997:DEBUG:Value of c[0]: 0
2017-10-23 16:04:27,997:DEBUG:key: 2value: 3used_dices: 0
2017-10-23 16:04:27,997:DEBUG:key: 6value: 2used_dices: 3
2017-10-23 16:04:54,769:DEBUG:Multiples counter, full house category: Counter({2: 2, 6: 2, 4: 1})
2017-10-23 16:04:54,769:DEBUG:Value of c[0]: 0
2017-10-23 16:04:54,769:DEBUG:key: 2value: 2used_dices: 0
2017-10-23 16:04:54,770:DEBUG:key: 4value: 1used_dices: 2
2017-10-23 16:04:54,770:DEBUG:key: 6value: 2used_dices: 2
2017-10-24 15:57:16,259:DEBUG:this is the value of Counter c: Counter({2: 2, 6: 2, 4: 1})
2017-10-24 15:57:16,259:DEBUG:this is the value of the multiples list: [2, 6]
2017-10-24 15:57:19,653:DEBUG:Remaining user_input: 2
2017-10-24 15:57:19,653:DEBUG:self.multiple: 2
2017-10-24 15:57:19,653:DEBUG:x in dices: <dice.Dice object at 0x101b10b00>
2017-10-24 15:57:19,653:DEBUG:index of x in dices: 0
2017-10-24 15:57:19,653:DEBUG:x in dices: <dice.Dice object at 0x101b10b70>
2017-10-24 15:57:19,653:DEBUG:index of x in dices: 1
2017-10-24 15:57:19,653:DEBUG:x in dices: <dice.Dice object at 0x101b10ba8>
2017-10-24 15:57:19,653:DEBUG:index of x in dices: 2
2017-10-24 15:57:19,653:DEBUG:x in dices: <dice.Dice object at 0x101b10be0>
2017-10-24 15:57:19,653:DEBUG:index of x in dices: 3
2017-10-24 15:57:19,654:DEBUG:this is the value of Counter c: Counter({6: 2, 2: 1, 4: 1})
2017-10-24 15:57:19,654:DEBUG:this is the value of the multiples list: [6]
2017-10-24 15:58:22,801:DEBUG:User entered 0
2017-10-24 16:03:53,024:DEBUG:User entered 0
2017-10-24 16:04:02,439:DEBUG:User entered 0
2017-10-24 16:04:08,873:DEBUG:this is the value of Counter c: Counter({2: 3, 5: 1, 3: 1})
2017-10-24 16:04:08,873:DEBUG:this is the value of the multiples list: [2]
2017-10-25 15:27:47,351:DEBUG:this is the value of Counter c: Counter({6: 3, 2: 1, 5: 1})
2017-10-25 15:27:47,353:DEBUG:this is the value of the multiples list: [6]
2017-10-25 15:33:57,428:DEBUG:score_card list: [<score_card.Score_card object at 0x1022845c0>]
2017-10-25 15:37:37,304:DEBUG:score_card list len1
2017-10-25 15:39:20,090:DEBUG:player_name: 
2017-10-25 15:39:20,090:DEBUG:player_name: H
2017-10-25 15:39:20,091:DEBUG:player_name: He
2017-10-25 15:39:20,091:DEBUG:player_name: Hen
2017-10-25 15:39:20,091:DEBUG:player_name: Heni
2017-10-25 15:39:20,091:DEBUG:player_name: Henir
2017-10-25 15:39:20,091:DEBUG:player_name: Henirk
2017-10-25 15:39:20,092:DEBUG:player_name: Henirkk
2017-10-25 15:39:20,092:DEBUG:player_name: 
2017-10-25 15:39:20,092:DEBUG:player_name: 
2017-10-25 15:39:20,093:DEBUG:player_name: L
2017-10-25 15:39:20,093:DEBUG:player_name: Li
2017-10-25 15:39:20,093:DEBUG:player_name: Lii
2017-10-25 15:39:20,093:DEBUG:player_name: Liis
2017-10-25 15:39:20,093:DEBUG:score_card list len1
2017-10-25 15:41:24,073:DEBUG:player_name: 
2017-10-25 15:41:24,074:DEBUG:player_name: J
2017-10-25 15:41:24,074:DEBUG:player_name: Jo
2017-10-25 15:41:24,074:DEBUG:player_name: Joh
2017-10-25 15:41:24,074:DEBUG:player_name: John
2017-10-25 15:41:24,074:DEBUG:player_name: 
2017-10-25 15:41:24,074:DEBUG:player_name: 
2017-10-25 15:41:24,074:DEBUG:player_name: L
2017-10-25 15:41:24,074:DEBUG:player_name: Li
2017-10-25 15:41:24,074:DEBUG:player_name: Lis
2017-10-25 15:41:24,074:DEBUG:score_card list len2
2017-10-25 15:44:03,295:DEBUG:player_name: 
2017-10-25 15:44:03,296:DEBUG:c: J
2017-10-25 15:44:03,296:DEBUG:player_name: J
2017-10-25 15:44:03,296:DEBUG:c: o
2017-10-25 15:44:03,296:DEBUG:player_name: Jo
2017-10-25 15:44:03,296:DEBUG:c: h
2017-10-25 15:44:03,297:DEBUG:player_name: Joh
2017-10-25 15:44:03,297:DEBUG:c: n
2017-10-25 15:44:03,297:DEBUG:player_name: John
2017-10-25 15:44:03,297:DEBUG:c: ,
2017-10-25 15:44:03,298:DEBUG:player_name: 
2017-10-25 15:44:03,298:DEBUG:c:  
2017-10-25 15:44:03,298:DEBUG:player_name: 
2017-10-25 15:44:03,298:DEBUG:c: L
2017-10-25 15:44:03,298:DEBUG:player_name: L
2017-10-25 15:44:03,298:DEBUG:c: i
2017-10-25 15:44:03,298:DEBUG:player_name: Li
2017-10-25 15:44:03,299:DEBUG:c: s
2017-10-25 15:44:03,299:DEBUG:player_name: Lis
2017-10-25 15:44:03,299:DEBUG:c: a
2017-10-25 15:44:03,299:DEBUG:score_card list len2
2017-10-25 15:45:56,147:DEBUG:player_name: 
2017-10-25 15:45:56,148:DEBUG:c: J
2017-10-25 15:45:56,148:DEBUG:player_name: J
2017-10-25 15:45:56,148:DEBUG:player_name: J
2017-10-25 15:45:56,148:DEBUG:c: o
2017-10-25 15:45:56,149:DEBUG:player_name: Jo
2017-10-25 15:45:56,149:DEBUG:player_name: Jo
2017-10-25 15:45:56,149:DEBUG:c: h
2017-10-25 15:45:56,149:DEBUG:player_name: Joh
2017-10-25 15:45:56,149:DEBUG:player_name: Joh
2017-10-25 15:45:56,149:DEBUG:c: n
2017-10-25 15:45:56,149:DEBUG:player_name: John
2017-10-25 15:45:56,150:DEBUG:player_name: John
2017-10-25 15:45:56,150:DEBUG:c: ,
2017-10-25 15:45:56,150:DEBUG:player_name: John,
2017-10-25 15:45:56,150:DEBUG:player_name: 
2017-10-25 15:45:56,150:DEBUG:c:  
2017-10-25 15:45:56,150:DEBUG:player_name: 
2017-10-25 15:45:56,150:DEBUG:c: L
2017-10-25 15:45:56,151:DEBUG:player_name: L
2017-10-25 15:45:56,151:DEBUG:player_name: L
2017-10-25 15:45:56,151:DEBUG:c: i
2017-10-25 15:45:56,151:DEBUG:player_name: Li
2017-10-25 15:45:56,151:DEBUG:player_name: Li
2017-10-25 15:45:56,151:DEBUG:c: s
2017-10-25 15:45:56,151:DEBUG:player_name: Lis
2017-10-25 15:45:56,152:DEBUG:player_name: Lis
2017-10-25 15:45:56,152:DEBUG:c: a
2017-10-25 15:45:56,152:DEBUG:player_name: Lisa
2017-10-25 15:45:56,152:DEBUG:score_card list len2
2017-10-25 15:47:28,501:DEBUG:player_name: 
2017-10-25 15:47:28,501:DEBUG:c: J
2017-10-25 15:47:28,501:DEBUG:player_name: J
2017-10-25 15:47:28,501:DEBUG:c: o
2017-10-25 15:47:28,501:DEBUG:player_name: Jo
2017-10-25 15:47:28,502:DEBUG:c: h
2017-10-25 15:47:28,502:DEBUG:player_name: Joh
2017-10-25 15:47:28,502:DEBUG:c: n
2017-10-25 15:47:28,502:DEBUG:player_name: John
2017-10-25 15:47:28,503:DEBUG:c: ,
2017-10-25 15:47:28,503:DEBUG:player_name: 
2017-10-25 15:47:28,503:DEBUG:c:  
2017-10-25 15:47:28,503:DEBUG:player_name: 
2017-10-25 15:47:28,503:DEBUG:c: L
2017-10-25 15:47:28,503:DEBUG:player_name: L
2017-10-25 15:47:28,503:DEBUG:c: i
2017-10-25 15:47:28,503:DEBUG:player_name: Li
2017-10-25 15:47:28,504:DEBUG:c: s
2017-10-25 15:47:28,504:DEBUG:player_name: Lis
2017-10-25 15:47:28,504:DEBUG:c: a
2017-10-25 15:47:28,504:DEBUG:score_card list len2
2017-10-25 15:52:23,538:DEBUG:player_name: 
2017-10-25 15:52:23,539:DEBUG:c: J
2017-10-25 15:52:23,539:DEBUG:player_name: J
2017-10-25 15:52:23,539:DEBUG:c: o
2017-10-25 15:52:23,539:DEBUG:player_name: Jo
2017-10-25 15:52:23,539:DEBUG:c: h
2017-10-25 15:52:23,540:DEBUG:player_name: Joh
2017-10-25 15:52:23,540:DEBUG:c: n
2017-10-25 15:52:23,540:DEBUG:player_name: John
2017-10-25 15:52:23,540:DEBUG:c: ,
2017-10-25 15:52:23,541:DEBUG:player_name: 
2017-10-25 15:52:23,541:DEBUG:c:  
2017-10-25 15:52:23,541:DEBUG:player_name: 
2017-10-25 15:52:23,541:DEBUG:c: L
2017-10-25 15:52:23,541:DEBUG:player_name: L
2017-10-25 15:52:23,541:DEBUG:c: i
2017-10-25 15:52:23,542:DEBUG:player_name: Li
2017-10-25 15:52:23,542:DEBUG:c: s
2017-10-25 15:52:23,542:DEBUG:player_name: Lis
2017-10-25 15:52:23,542:DEBUG:c: a
2017-10-25 15:52:23,542:DEBUG:score_card list len2
2017-10-25 15:54:46,637:DEBUG:player_name: 
2017-10-25 15:54:46,637:DEBUG:c: J
2017-10-25 15:54:46,638:DEBUG:player_name: J
2017-10-25 15:54:46,638:DEBUG:c: o
2017-10-25 15:54:46,638:DEBUG:player_name: Jo
2017-10-25 15:54:46,638:DEBUG:c: h
2017-10-25 15:54:46,638:DEBUG:player_name: Joh
2017-10-25 15:54:46,639:DEBUG:c: ,
2017-10-25 15:54:46,639:DEBUG:player_name: 
2017-10-25 15:54:46,639:DEBUG:c:  
2017-10-25 15:54:46,640:DEBUG:player_name: 
2017-10-25 15:54:46,640:DEBUG:c: L
2017-10-25 15:54:46,640:DEBUG:player_name: L
2017-10-25 15:54:46,640:DEBUG:c: i
2017-10-25 15:54:46,640:DEBUG:player_name: Li
2017-10-25 15:54:46,641:DEBUG:c: i
2017-10-25 15:54:46,641:DEBUG:player_name: Lii
2017-10-25 15:54:46,641:DEBUG:c: s
2017-10-25 15:54:46,641:DEBUG:player_name: Liis
2017-10-25 15:54:46,641:DEBUG:c: a
2017-10-25 15:54:46,641:DEBUG:score_card list len2
2017-10-25 15:56:52,946:DEBUG:player_name: 
2017-10-25 15:56:52,946:DEBUG:c: J
2017-10-25 15:56:52,946:DEBUG:player_name: J
2017-10-25 15:56:52,947:DEBUG:c: o
2017-10-25 15:56:52,947:DEBUG:player_name: Jo
2017-10-25 15:56:52,947:DEBUG:c: h
2017-10-25 15:56:52,947:DEBUG:player_name: Joh
2017-10-25 15:56:52,947:DEBUG:c: n
2017-10-25 15:56:52,947:DEBUG:player_name: John
2017-10-25 15:56:52,948:DEBUG:c: ,
2017-10-25 15:56:52,948:DEBUG:player_name: 
2017-10-25 15:56:52,948:DEBUG:c:  
2017-10-25 15:56:52,948:DEBUG:player_name: 
2017-10-25 15:56:52,949:DEBUG:c: l
2017-10-25 15:56:52,949:DEBUG:player_name: l
2017-10-25 15:56:52,949:DEBUG:c: i
2017-10-25 15:56:52,949:DEBUG:player_name: li
2017-10-25 15:56:52,950:DEBUG:c: s
2017-10-25 15:56:52,950:DEBUG:player_name: lis
2017-10-25 15:56:52,950:DEBUG:c: a
2017-10-25 15:56:52,950:DEBUG:score_card list len2
